<?xml version="1.0" encoding="UTF-8"?>
<coverage generated="1599022349918" clover="3.2.0">
  <project timestamp="1599022349918" name="All files">
    <metrics statements="97" coveredstatements="97" conditionals="36" coveredconditionals="36" methods="13" coveredmethods="13" elements="146" coveredelements="146" complexity="0" loc="97" ncloc="97" packages="1" files="3" classes="3"/>
    <file name="core.js" path="B:\Workspace\scheduling-algorithm\src\core.js">
      <metrics statements="34" coveredstatements="34" conditionals="12" coveredconditionals="12" methods="6" coveredmethods="6"/>
      <line num="4" count="1" type="stmt"/>
      <line num="6" count="1" type="stmt"/>
      <line num="7" count="2" type="cond" truecount="2" falsecount="0"/>
      <line num="8" count="1" type="stmt"/>
      <line num="9" count="1" type="stmt"/>
      <line num="13" count="1" type="stmt"/>
      <line num="14" count="2" type="stmt"/>
      <line num="15" count="2" type="stmt"/>
      <line num="16" count="2" type="stmt"/>
      <line num="17" count="2" type="stmt"/>
      <line num="18" count="12" type="stmt"/>
      <line num="20" count="2" type="stmt"/>
      <line num="21" count="8" type="cond" truecount="2" falsecount="0"/>
      <line num="22" count="2" type="stmt"/>
      <line num="23" count="2" type="stmt"/>
      <line num="26" count="6" type="cond" truecount="2" falsecount="0"/>
      <line num="27" count="2" type="stmt"/>
      <line num="28" count="2" type="stmt"/>
      <line num="31" count="4" type="stmt"/>
      <line num="34" count="2" type="stmt"/>
      <line num="35" count="4" type="stmt"/>
      <line num="38" count="2" type="stmt"/>
      <line num="41" count="1" type="stmt"/>
      <line num="42" count="6" type="stmt"/>
      <line num="44" count="6" type="cond" truecount="2" falsecount="0"/>
      <line num="45" count="3" type="stmt"/>
      <line num="46" count="3" type="stmt"/>
      <line num="48" count="3" type="stmt"/>
      <line num="52" count="1" type="stmt"/>
      <line num="53" count="6" type="stmt"/>
      <line num="54" count="6" type="stmt"/>
      <line num="56" count="6" type="cond" truecount="4" falsecount="0"/>
      <line num="57" count="3" type="stmt"/>
      <line num="60" count="3" type="stmt"/>
    </file>
    <file name="job-validator.js" path="B:\Workspace\scheduling-algorithm\src\job-validator.js">
      <metrics statements="22" coveredstatements="22" conditionals="16" coveredconditionals="16" methods="4" coveredmethods="4"/>
      <line num="1" count="3" type="stmt"/>
      <line num="3" count="3" type="stmt"/>
      <line num="4" count="10" type="stmt"/>
      <line num="6" count="10" type="stmt"/>
      <line num="7" count="66" type="cond" truecount="2" falsecount="0"/>
      <line num="8" count="15" type="stmt"/>
      <line num="10" count="66" type="cond" truecount="2" falsecount="0"/>
      <line num="11" count="12" type="stmt"/>
      <line num="15" count="8" type="stmt"/>
      <line num="18" count="3" type="stmt"/>
      <line num="19" count="10" type="cond" truecount="4" falsecount="0"/>
      <line num="20" count="3" type="stmt"/>
      <line num="23" count="7" type="stmt"/>
      <line num="26" count="3" type="stmt"/>
      <line num="27" count="65" type="stmt"/>
      <line num="28" count="65" type="stmt"/>
      <line num="30" count="65" type="cond" truecount="4" falsecount="0"/>
      <line num="32" count="59" type="stmt"/>
      <line num="35" count="3" type="stmt"/>
      <line num="36" count="105" type="stmt"/>
      <line num="38" count="105" type="cond" truecount="4" falsecount="0"/>
      <line num="40" count="97" type="stmt"/>
    </file>
    <file name="json-job-creator.js" path="B:\Workspace\scheduling-algorithm\src\json-job-creator.js">
      <metrics statements="41" coveredstatements="41" conditionals="8" coveredconditionals="8" methods="3" coveredmethods="3"/>
      <line num="5" count="1" type="stmt"/>
      <line num="7" count="1" type="stmt"/>
      <line num="8" count="4" type="stmt"/>
      <line num="10" count="4" type="stmt"/>
      <line num="11" count="4" type="stmt"/>
      <line num="12" count="4" type="stmt"/>
      <line num="13" count="4" type="stmt"/>
      <line num="15" count="4" type="stmt"/>
      <line num="23" count="4" type="stmt"/>
      <line num="25" count="4" type="stmt"/>
      <line num="26" count="55" type="stmt"/>
      <line num="27" count="55" type="stmt"/>
      <line num="28" count="55" type="stmt"/>
      <line num="30" count="55" type="stmt"/>
      <line num="32" count="55" type="cond" truecount="2" falsecount="0"/>
      <line num="33" count="1" type="stmt"/>
      <line num="36" count="55" type="cond" truecount="2" falsecount="0"/>
      <line num="37" count="13" type="stmt"/>
      <line num="40" count="55" type="stmt"/>
      <line num="47" count="55" type="stmt"/>
      <line num="50" count="4" type="stmt"/>
      <line num="52" count="4" type="cond" truecount="2" falsecount="0"/>
      <line num="53" count="1" type="stmt"/>
      <line num="55" count="1" type="stmt"/>
      <line num="56" count="14" type="stmt"/>
      <line num="59" count="1" type="stmt"/>
      <line num="62" count="4" type="stmt"/>
      <line num="64" count="4" type="cond" truecount="2" falsecount="0"/>
      <line num="65" count="3" type="stmt"/>
      <line num="66" count="3" type="stmt"/>
      <line num="67" count="3" type="stmt"/>
      <line num="69" count="1" type="stmt"/>
      <line num="73" count="1" type="stmt"/>
      <line num="74" count="60" type="stmt"/>
      <line num="76" count="60" type="stmt"/>
      <line num="77" count="60" type="stmt"/>
      <line num="78" count="60" type="stmt"/>
      <line num="79" count="60" type="stmt"/>
      <line num="80" count="60" type="stmt"/>
      <line num="83" count="1" type="stmt"/>
      <line num="84" count="128" type="stmt"/>
    </file>
  </project>
</coverage>
