<?xml version="1.0" encoding="UTF-8"?>
<coverage generated="1598997591855" clover="3.2.0">
  <project timestamp="1598997591855" name="All files">
    <metrics statements="58" coveredstatements="58" conditionals="24" coveredconditionals="24" methods="7" coveredmethods="7" elements="89" coveredelements="89" complexity="0" loc="58" ncloc="58" packages="1" files="2" classes="2"/>
    <file name="job-validator.js" path="B:\Workspace\scheduling-algorithm\src\job-validator.js">
      <metrics statements="22" coveredstatements="22" conditionals="16" coveredconditionals="16" methods="4" coveredmethods="4"/>
      <line num="1" count="2" type="stmt"/>
      <line num="3" count="2" type="stmt"/>
      <line num="4" count="10" type="stmt"/>
      <line num="6" count="10" type="stmt"/>
      <line num="7" count="141" type="cond" truecount="2" falsecount="0"/>
      <line num="8" count="53" type="stmt"/>
      <line num="10" count="141" type="cond" truecount="2" falsecount="0"/>
      <line num="11" count="50" type="stmt"/>
      <line num="15" count="8" type="stmt"/>
      <line num="18" count="2" type="stmt"/>
      <line num="19" count="2" type="cond" truecount="4" falsecount="0"/>
      <line num="20" count="1" type="stmt"/>
      <line num="23" count="1" type="stmt"/>
      <line num="26" count="2" type="stmt"/>
      <line num="27" count="94" type="stmt"/>
      <line num="28" count="94" type="stmt"/>
      <line num="30" count="94" type="cond" truecount="4" falsecount="0"/>
      <line num="32" count="90" type="stmt"/>
      <line num="35" count="2" type="stmt"/>
      <line num="36" count="129" type="stmt"/>
      <line num="38" count="129" type="cond" truecount="4" falsecount="0"/>
      <line num="40" count="125" type="stmt"/>
    </file>
    <file name="json-job-creator.js" path="B:\Workspace\scheduling-algorithm\src\json-job-creator.js">
      <metrics statements="36" coveredstatements="36" conditionals="8" coveredconditionals="8" methods="3" coveredmethods="3"/>
      <line num="4" count="1" type="stmt"/>
      <line num="6" count="1" type="stmt"/>
      <line num="7" count="4" type="stmt"/>
      <line num="8" count="4" type="stmt"/>
      <line num="9" count="4" type="stmt"/>
      <line num="10" count="4" type="stmt"/>
      <line num="12" count="4" type="stmt"/>
      <line num="20" count="4" type="stmt"/>
      <line num="22" count="4" type="stmt"/>
      <line num="23" count="130" type="stmt"/>
      <line num="24" count="130" type="stmt"/>
      <line num="25" count="130" type="stmt"/>
      <line num="27" count="130" type="stmt"/>
      <line num="29" count="130" type="cond" truecount="2" falsecount="0"/>
      <line num="30" count="8" type="stmt"/>
      <line num="33" count="130" type="cond" truecount="2" falsecount="0"/>
      <line num="34" count="47" type="stmt"/>
      <line num="37" count="130" type="stmt"/>
      <line num="44" count="130" type="stmt"/>
      <line num="47" count="4" type="stmt"/>
      <line num="49" count="4" type="cond" truecount="2" falsecount="0"/>
      <line num="50" count="1" type="stmt"/>
      <line num="51" count="90" type="stmt"/>
      <line num="55" count="4" type="stmt"/>
      <line num="57" count="4" type="cond" truecount="2" falsecount="0"/>
      <line num="58" count="3" type="stmt"/>
      <line num="59" count="3" type="stmt"/>
      <line num="63" count="1" type="stmt"/>
      <line num="64" count="135" type="stmt"/>
      <line num="66" count="135" type="stmt"/>
      <line num="67" count="135" type="stmt"/>
      <line num="68" count="135" type="stmt"/>
      <line num="69" count="135" type="stmt"/>
      <line num="70" count="135" type="stmt"/>
      <line num="73" count="1" type="stmt"/>
      <line num="74" count="278" type="stmt"/>
    </file>
  </project>
</coverage>
