{"B:\\Workspace\\scheduling-algorithm\\src\\job-validator.js": {"path":"B:\\Workspace\\scheduling-algorithm\\src\\job-validator.js","statementMap":{"0":{"start":{"line":1,"column":16},"end":{"line":1,"column":18}},"1":{"start":{"line":3,"column":0},"end":{"line":16,"column":2}},"2":{"start":{"line":4,"column":29},"end":{"line":4,"column":31}},"3":{"start":{"line":6,"column":1},"end":{"line":13,"column":2}},"4":{"start":{"line":7,"column":2},"end":{"line":9,"column":3}},"5":{"start":{"line":8,"column":3},"end":{"line":8,"column":76}},"6":{"start":{"line":10,"column":2},"end":{"line":12,"column":3}},"7":{"start":{"line":11,"column":3},"end":{"line":11,"column":103}},"8":{"start":{"line":15,"column":1},"end":{"line":15,"column":28}},"9":{"start":{"line":18,"column":0},"end":{"line":24,"column":2}},"10":{"start":{"line":19,"column":1},"end":{"line":21,"column":2}},"11":{"start":{"line":20,"column":2},"end":{"line":20,"column":15}},"12":{"start":{"line":23,"column":1},"end":{"line":23,"column":13}},"13":{"start":{"line":26,"column":0},"end":{"line":33,"column":2}},"14":{"start":{"line":27,"column":31},"end":{"line":27,"column":50}},"15":{"start":{"line":28,"column":1},"end":{"line":28,"column":82}},"16":{"start":{"line":30,"column":1},"end":{"line":30,"column":91}},"17":{"start":{"line":30,"column":79},"end":{"line":30,"column":91}},"18":{"start":{"line":32,"column":1},"end":{"line":32,"column":14}},"19":{"start":{"line":35,"column":0},"end":{"line":41,"column":2}},"20":{"start":{"line":36,"column":1},"end":{"line":36,"column":35}},"21":{"start":{"line":38,"column":1},"end":{"line":38,"column":85}},"22":{"start":{"line":38,"column":73},"end":{"line":38,"column":85}},"23":{"start":{"line":40,"column":1},"end":{"line":40,"column":14}}},"fnMap":{"0":{"name":"(anonymous_0)","decl":{"start":{"line":3,"column":25},"end":{"line":3,"column":26}},"loc":{"start":{"line":3,"column":38},"end":{"line":16,"column":1}},"line":3},"1":{"name":"(anonymous_1)","decl":{"start":{"line":18,"column":24},"end":{"line":18,"column":25}},"loc":{"start":{"line":18,"column":53},"end":{"line":24,"column":1}},"line":18},"2":{"name":"(anonymous_2)","decl":{"start":{"line":26,"column":34},"end":{"line":26,"column":35}},"loc":{"start":{"line":26,"column":87},"end":{"line":33,"column":1}},"line":26},"3":{"name":"(anonymous_3)","decl":{"start":{"line":35,"column":38},"end":{"line":35,"column":39}},"loc":{"start":{"line":35,"column":74},"end":{"line":41,"column":1}},"line":35}},"branchMap":{"0":{"loc":{"start":{"line":7,"column":2},"end":{"line":9,"column":3}},"type":"if","locations":[{"start":{"line":7,"column":2},"end":{"line":9,"column":3}},{"start":{"line":7,"column":2},"end":{"line":9,"column":3}}],"line":7},"1":{"loc":{"start":{"line":10,"column":2},"end":{"line":12,"column":3}},"type":"if","locations":[{"start":{"line":10,"column":2},"end":{"line":12,"column":3}},{"start":{"line":10,"column":2},"end":{"line":12,"column":3}}],"line":10},"2":{"loc":{"start":{"line":19,"column":1},"end":{"line":21,"column":2}},"type":"if","locations":[{"start":{"line":19,"column":1},"end":{"line":21,"column":2}},{"start":{"line":19,"column":1},"end":{"line":21,"column":2}}],"line":19},"3":{"loc":{"start":{"line":19,"column":5},"end":{"line":19,"column":134}},"type":"binary-expr","locations":[{"start":{"line":19,"column":5},"end":{"line":19,"column":52}},{"start":{"line":19,"column":56},"end":{"line":19,"column":134}}],"line":19},"4":{"loc":{"start":{"line":30,"column":1},"end":{"line":30,"column":91}},"type":"if","locations":[{"start":{"line":30,"column":1},"end":{"line":30,"column":91}},{"start":{"line":30,"column":1},"end":{"line":30,"column":91}}],"line":30},"5":{"loc":{"start":{"line":30,"column":5},"end":{"line":30,"column":77}},"type":"binary-expr","locations":[{"start":{"line":30,"column":5},"end":{"line":30,"column":56}},{"start":{"line":30,"column":60},"end":{"line":30,"column":77}}],"line":30},"6":{"loc":{"start":{"line":38,"column":1},"end":{"line":38,"column":85}},"type":"if","locations":[{"start":{"line":38,"column":1},"end":{"line":38,"column":85}},{"start":{"line":38,"column":1},"end":{"line":38,"column":85}}],"line":38},"7":{"loc":{"start":{"line":38,"column":5},"end":{"line":38,"column":71}},"type":"binary-expr","locations":[{"start":{"line":38,"column":5},"end":{"line":38,"column":37}},{"start":{"line":38,"column":41},"end":{"line":38,"column":71}}],"line":38}},"s":{"0":2,"1":2,"2":10,"3":10,"4":141,"5":53,"6":141,"7":50,"8":8,"9":2,"10":2,"11":1,"12":1,"13":2,"14":94,"15":94,"16":94,"17":4,"18":90,"19":2,"20":129,"21":129,"22":4,"23":125},"f":{"0":10,"1":2,"2":94,"3":129},"b":{"0":[53,88],"1":[50,91],"2":[1,1],"3":[2,1],"4":[4,90],"5":[94,90],"6":[4,125],"7":[129,126]},"_coverageSchema":"1a1c01bbd47fc00a2c39e90264f33305004495a9","hash":"c132fc3f5f862f281394ff329ba49bb70bee6dad"}
,"B:\\Workspace\\scheduling-algorithm\\src\\json-job-creator.js": {"path":"B:\\Workspace\\scheduling-algorithm\\src\\json-job-creator.js","statementMap":{"0":{"start":{"line":4,"column":21},"end":{"line":4,"column":23}},"1":{"start":{"line":6,"column":0},"end":{"line":61,"column":2}},"2":{"start":{"line":7,"column":19},"end":{"line":7,"column":91}},"3":{"start":{"line":8,"column":17},"end":{"line":8,"column":36}},"4":{"start":{"line":9,"column":1},"end":{"line":9,"column":81}},"5":{"start":{"line":10,"column":1},"end":{"line":10,"column":84}},"6":{"start":{"line":12,"column":22},"end":{"line":18,"column":2}},"7":{"start":{"line":20,"column":22},"end":{"line":20,"column":63}},"8":{"start":{"line":22,"column":1},"end":{"line":45,"column":2}},"9":{"start":{"line":22,"column":18},"end":{"line":22,"column":19}},"10":{"start":{"line":23,"column":24},"end":{"line":23,"column":64}},"11":{"start":{"line":24,"column":25},"end":{"line":24,"column":44}},"12":{"start":{"line":25,"column":2},"end":{"line":25,"column":64}},"13":{"start":{"line":27,"column":26},"end":{"line":27,"column":76}},"14":{"start":{"line":29,"column":2},"end":{"line":31,"column":3}},"15":{"start":{"line":30,"column":3},"end":{"line":30,"column":57}},"16":{"start":{"line":33,"column":2},"end":{"line":35,"column":3}},"17":{"start":{"line":34,"column":3},"end":{"line":34,"column":31}},"18":{"start":{"line":37,"column":12},"end":{"line":42,"column":3}},"19":{"start":{"line":44,"column":2},"end":{"line":44,"column":32}},"20":{"start":{"line":47,"column":19},"end":{"line":47,"column":57}},"21":{"start":{"line":49,"column":1},"end":{"line":53,"column":2}},"22":{"start":{"line":50,"column":2},"end":{"line":52,"column":3}},"23":{"start":{"line":51,"column":3},"end":{"line":51,"column":27}},"24":{"start":{"line":55,"column":18},"end":{"line":55,"column":46}},"25":{"start":{"line":57,"column":1},"end":{"line":60,"column":2}},"26":{"start":{"line":58,"column":15},"end":{"line":58,"column":54}},"27":{"start":{"line":59,"column":2},"end":{"line":59,"column":35}},"28":{"start":{"line":63,"column":0},"end":{"line":71,"column":2}},"29":{"start":{"line":64,"column":12},"end":{"line":64,"column":60}},"30":{"start":{"line":66,"column":1},"end":{"line":66,"column":58}},"31":{"start":{"line":67,"column":1},"end":{"line":67,"column":20}},"32":{"start":{"line":68,"column":1},"end":{"line":68,"column":20}},"33":{"start":{"line":69,"column":1},"end":{"line":69,"column":25}},"34":{"start":{"line":70,"column":1},"end":{"line":70,"column":13}},"35":{"start":{"line":73,"column":0},"end":{"line":75,"column":2}},"36":{"start":{"line":74,"column":1},"end":{"line":74,"column":58}}},"fnMap":{"0":{"name":"(anonymous_0)","decl":{"start":{"line":6,"column":24},"end":{"line":6,"column":25}},"loc":{"start":{"line":6,"column":30},"end":{"line":61,"column":1}},"line":6},"1":{"name":"(anonymous_1)","decl":{"start":{"line":63,"column":28},"end":{"line":63,"column":29}},"loc":{"start":{"line":63,"column":44},"end":{"line":71,"column":1}},"line":63},"2":{"name":"(anonymous_2)","decl":{"start":{"line":73,"column":37},"end":{"line":73,"column":38}},"loc":{"start":{"line":73,"column":51},"end":{"line":75,"column":1}},"line":73}},"branchMap":{"0":{"loc":{"start":{"line":29,"column":2},"end":{"line":31,"column":3}},"type":"if","locations":[{"start":{"line":29,"column":2},"end":{"line":31,"column":3}},{"start":{"line":29,"column":2},"end":{"line":31,"column":3}}],"line":29},"1":{"loc":{"start":{"line":33,"column":2},"end":{"line":35,"column":3}},"type":"if","locations":[{"start":{"line":33,"column":2},"end":{"line":35,"column":3}},{"start":{"line":33,"column":2},"end":{"line":35,"column":3}}],"line":33},"2":{"loc":{"start":{"line":49,"column":1},"end":{"line":53,"column":2}},"type":"if","locations":[{"start":{"line":49,"column":1},"end":{"line":53,"column":2}},{"start":{"line":49,"column":1},"end":{"line":53,"column":2}}],"line":49},"3":{"loc":{"start":{"line":57,"column":1},"end":{"line":60,"column":2}},"type":"if","locations":[{"start":{"line":57,"column":1},"end":{"line":60,"column":2}},{"start":{"line":57,"column":1},"end":{"line":60,"column":2}}],"line":57}},"s":{"0":1,"1":1,"2":4,"3":4,"4":4,"5":4,"6":4,"7":4,"8":4,"9":4,"10":130,"11":130,"12":130,"13":130,"14":130,"15":8,"16":130,"17":47,"18":130,"19":130,"20":4,"21":4,"22":1,"23":90,"24":4,"25":4,"26":3,"27":3,"28":1,"29":135,"30":135,"31":135,"32":135,"33":135,"34":135,"35":1,"36":278},"f":{"0":4,"1":135,"2":278},"b":{"0":[8,122],"1":[47,83],"2":[1,3],"3":[3,1]},"_coverageSchema":"1a1c01bbd47fc00a2c39e90264f33305004495a9","hash":"3ca35df4cc6ffe91c6c5180696f27021d3c214fe"}
}
