{"B:\\Workspace\\scheduling-algorithm\\src\\core.js": {"path":"B:\\Workspace\\scheduling-algorithm\\src\\core.js","statementMap":{"0":{"start":{"line":4,"column":13},"end":{"line":4,"column":15}},"1":{"start":{"line":6,"column":0},"end":{"line":11,"column":2}},"2":{"start":{"line":7,"column":1},"end":{"line":10,"column":2}},"3":{"start":{"line":8,"column":18},"end":{"line":8,"column":43}},"4":{"start":{"line":9,"column":2},"end":{"line":9,"column":29}},"5":{"start":{"line":13,"column":0},"end":{"line":39,"column":2}},"6":{"start":{"line":14,"column":22},"end":{"line":14,"column":24}},"7":{"start":{"line":15,"column":24},"end":{"line":15,"column":26}},"8":{"start":{"line":16,"column":17},"end":{"line":16,"column":19}},"9":{"start":{"line":17,"column":19},"end":{"line":17,"column":62}},"10":{"start":{"line":18,"column":20},"end":{"line":18,"column":130}},"11":{"start":{"line":18,"column":48},"end":{"line":18,"column":129}},"12":{"start":{"line":20,"column":1},"end":{"line":32,"column":2}},"13":{"start":{"line":21,"column":2},"end":{"line":24,"column":3}},"14":{"start":{"line":22,"column":3},"end":{"line":22,"column":31}},"15":{"start":{"line":23,"column":3},"end":{"line":23,"column":12}},"16":{"start":{"line":26,"column":2},"end":{"line":29,"column":3}},"17":{"start":{"line":27,"column":3},"end":{"line":27,"column":80}},"18":{"start":{"line":28,"column":3},"end":{"line":28,"column":12}},"19":{"start":{"line":31,"column":2},"end":{"line":31,"column":49}},"20":{"start":{"line":34,"column":1},"end":{"line":36,"column":2}},"21":{"start":{"line":35,"column":2},"end":{"line":35,"column":31}},"22":{"start":{"line":38,"column":1},"end":{"line":38,"column":41}},"23":{"start":{"line":41,"column":0},"end":{"line":50,"column":2}},"24":{"start":{"line":42,"column":23},"end":{"line":42,"column":106}},"25":{"start":{"line":42,"column":46},"end":{"line":42,"column":105}},"26":{"start":{"line":44,"column":1},"end":{"line":49,"column":2}},"27":{"start":{"line":45,"column":2},"end":{"line":45,"column":61}},"28":{"start":{"line":46,"column":2},"end":{"line":46,"column":34}},"29":{"start":{"line":48,"column":2},"end":{"line":48,"column":79}},"30":{"start":{"line":52,"column":0},"end":{"line":61,"column":2}},"31":{"start":{"line":53,"column":27},"end":{"line":53,"column":46}},"32":{"start":{"line":54,"column":1},"end":{"line":54,"column":96}},"33":{"start":{"line":56,"column":1},"end":{"line":58,"column":2}},"34":{"start":{"line":57,"column":2},"end":{"line":57,"column":15}},"35":{"start":{"line":60,"column":1},"end":{"line":60,"column":13}}},"fnMap":{"0":{"name":"(anonymous_0)","decl":{"start":{"line":6,"column":16},"end":{"line":6,"column":17}},"loc":{"start":{"line":6,"column":30},"end":{"line":11,"column":1}},"line":6},"1":{"name":"(anonymous_1)","decl":{"start":{"line":13,"column":20},"end":{"line":13,"column":21}},"loc":{"start":{"line":13,"column":33},"end":{"line":39,"column":1}},"line":13},"2":{"name":"(anonymous_2)","decl":{"start":{"line":18,"column":38},"end":{"line":18,"column":39}},"loc":{"start":{"line":18,"column":48},"end":{"line":18,"column":129}},"line":18},"3":{"name":"(anonymous_3)","decl":{"start":{"line":41,"column":24},"end":{"line":41,"column":25}},"loc":{"start":{"line":41,"column":53},"end":{"line":50,"column":1}},"line":41},"4":{"name":"(anonymous_4)","decl":{"start":{"line":42,"column":36},"end":{"line":42,"column":37}},"loc":{"start":{"line":42,"column":46},"end":{"line":42,"column":105}},"line":42},"5":{"name":"(anonymous_5)","decl":{"start":{"line":52,"column":16},"end":{"line":52,"column":17}},"loc":{"start":{"line":52,"column":61},"end":{"line":61,"column":1}},"line":52}},"branchMap":{"0":{"loc":{"start":{"line":7,"column":1},"end":{"line":10,"column":2}},"type":"if","locations":[{"start":{"line":7,"column":1},"end":{"line":10,"column":2}},{"start":{"line":7,"column":1},"end":{"line":10,"column":2}}],"line":7},"1":{"loc":{"start":{"line":21,"column":2},"end":{"line":24,"column":3}},"type":"if","locations":[{"start":{"line":21,"column":2},"end":{"line":24,"column":3}},{"start":{"line":21,"column":2},"end":{"line":24,"column":3}}],"line":21},"2":{"loc":{"start":{"line":26,"column":2},"end":{"line":29,"column":3}},"type":"if","locations":[{"start":{"line":26,"column":2},"end":{"line":29,"column":3}},{"start":{"line":26,"column":2},"end":{"line":29,"column":3}}],"line":26},"3":{"loc":{"start":{"line":44,"column":1},"end":{"line":49,"column":2}},"type":"if","locations":[{"start":{"line":44,"column":1},"end":{"line":49,"column":2}},{"start":{"line":44,"column":1},"end":{"line":49,"column":2}}],"line":44},"4":{"loc":{"start":{"line":56,"column":1},"end":{"line":58,"column":2}},"type":"if","locations":[{"start":{"line":56,"column":1},"end":{"line":58,"column":2}},{"start":{"line":56,"column":1},"end":{"line":58,"column":2}}],"line":56},"5":{"loc":{"start":{"line":56,"column":5},"end":{"line":56,"column":107}},"type":"binary-expr","locations":[{"start":{"line":56,"column":5},"end":{"line":56,"column":52}},{"start":{"line":56,"column":56},"end":{"line":56,"column":107}}],"line":56}},"s":{"0":1,"1":1,"2":2,"3":1,"4":1,"5":1,"6":2,"7":2,"8":2,"9":2,"10":2,"11":12,"12":2,"13":8,"14":2,"15":2,"16":6,"17":2,"18":2,"19":4,"20":2,"21":4,"22":2,"23":1,"24":6,"25":6,"26":6,"27":3,"28":3,"29":3,"30":1,"31":6,"32":6,"33":6,"34":3,"35":3},"f":{"0":2,"1":2,"2":12,"3":6,"4":6,"5":6},"b":{"0":[1,1],"1":[2,6],"2":[2,4],"3":[3,3],"4":[3,3],"5":[6,4]},"_coverageSchema":"1a1c01bbd47fc00a2c39e90264f33305004495a9","hash":"f5a0b3a9d5004682ad2334fa02441f56e667818c"}
,"B:\\Workspace\\scheduling-algorithm\\src\\job-validator.js": {"path":"B:\\Workspace\\scheduling-algorithm\\src\\job-validator.js","statementMap":{"0":{"start":{"line":1,"column":16},"end":{"line":1,"column":18}},"1":{"start":{"line":3,"column":0},"end":{"line":16,"column":2}},"2":{"start":{"line":4,"column":29},"end":{"line":4,"column":31}},"3":{"start":{"line":6,"column":1},"end":{"line":13,"column":2}},"4":{"start":{"line":7,"column":2},"end":{"line":9,"column":3}},"5":{"start":{"line":8,"column":3},"end":{"line":8,"column":76}},"6":{"start":{"line":10,"column":2},"end":{"line":12,"column":3}},"7":{"start":{"line":11,"column":3},"end":{"line":11,"column":103}},"8":{"start":{"line":15,"column":1},"end":{"line":15,"column":28}},"9":{"start":{"line":18,"column":0},"end":{"line":24,"column":2}},"10":{"start":{"line":19,"column":1},"end":{"line":21,"column":2}},"11":{"start":{"line":20,"column":2},"end":{"line":20,"column":15}},"12":{"start":{"line":23,"column":1},"end":{"line":23,"column":13}},"13":{"start":{"line":26,"column":0},"end":{"line":33,"column":2}},"14":{"start":{"line":27,"column":31},"end":{"line":27,"column":50}},"15":{"start":{"line":28,"column":1},"end":{"line":28,"column":82}},"16":{"start":{"line":30,"column":1},"end":{"line":30,"column":91}},"17":{"start":{"line":30,"column":79},"end":{"line":30,"column":91}},"18":{"start":{"line":32,"column":1},"end":{"line":32,"column":14}},"19":{"start":{"line":35,"column":0},"end":{"line":41,"column":2}},"20":{"start":{"line":36,"column":1},"end":{"line":36,"column":35}},"21":{"start":{"line":38,"column":1},"end":{"line":38,"column":85}},"22":{"start":{"line":38,"column":73},"end":{"line":38,"column":85}},"23":{"start":{"line":40,"column":1},"end":{"line":40,"column":14}}},"fnMap":{"0":{"name":"(anonymous_0)","decl":{"start":{"line":3,"column":25},"end":{"line":3,"column":26}},"loc":{"start":{"line":3,"column":38},"end":{"line":16,"column":1}},"line":3},"1":{"name":"(anonymous_1)","decl":{"start":{"line":18,"column":24},"end":{"line":18,"column":25}},"loc":{"start":{"line":18,"column":53},"end":{"line":24,"column":1}},"line":18},"2":{"name":"(anonymous_2)","decl":{"start":{"line":26,"column":34},"end":{"line":26,"column":35}},"loc":{"start":{"line":26,"column":87},"end":{"line":33,"column":1}},"line":26},"3":{"name":"(anonymous_3)","decl":{"start":{"line":35,"column":38},"end":{"line":35,"column":39}},"loc":{"start":{"line":35,"column":74},"end":{"line":41,"column":1}},"line":35}},"branchMap":{"0":{"loc":{"start":{"line":7,"column":2},"end":{"line":9,"column":3}},"type":"if","locations":[{"start":{"line":7,"column":2},"end":{"line":9,"column":3}},{"start":{"line":7,"column":2},"end":{"line":9,"column":3}}],"line":7},"1":{"loc":{"start":{"line":10,"column":2},"end":{"line":12,"column":3}},"type":"if","locations":[{"start":{"line":10,"column":2},"end":{"line":12,"column":3}},{"start":{"line":10,"column":2},"end":{"line":12,"column":3}}],"line":10},"2":{"loc":{"start":{"line":19,"column":1},"end":{"line":21,"column":2}},"type":"if","locations":[{"start":{"line":19,"column":1},"end":{"line":21,"column":2}},{"start":{"line":19,"column":1},"end":{"line":21,"column":2}}],"line":19},"3":{"loc":{"start":{"line":19,"column":5},"end":{"line":19,"column":134}},"type":"binary-expr","locations":[{"start":{"line":19,"column":5},"end":{"line":19,"column":52}},{"start":{"line":19,"column":56},"end":{"line":19,"column":134}}],"line":19},"4":{"loc":{"start":{"line":30,"column":1},"end":{"line":30,"column":91}},"type":"if","locations":[{"start":{"line":30,"column":1},"end":{"line":30,"column":91}},{"start":{"line":30,"column":1},"end":{"line":30,"column":91}}],"line":30},"5":{"loc":{"start":{"line":30,"column":5},"end":{"line":30,"column":77}},"type":"binary-expr","locations":[{"start":{"line":30,"column":5},"end":{"line":30,"column":56}},{"start":{"line":30,"column":60},"end":{"line":30,"column":77}}],"line":30},"6":{"loc":{"start":{"line":38,"column":1},"end":{"line":38,"column":85}},"type":"if","locations":[{"start":{"line":38,"column":1},"end":{"line":38,"column":85}},{"start":{"line":38,"column":1},"end":{"line":38,"column":85}}],"line":38},"7":{"loc":{"start":{"line":38,"column":5},"end":{"line":38,"column":71}},"type":"binary-expr","locations":[{"start":{"line":38,"column":5},"end":{"line":38,"column":37}},{"start":{"line":38,"column":41},"end":{"line":38,"column":71}}],"line":38}},"s":{"0":3,"1":3,"2":10,"3":10,"4":157,"5":39,"6":157,"7":36,"8":8,"9":3,"10":10,"11":3,"12":7,"13":3,"14":132,"15":132,"16":132,"17":6,"18":126,"19":3,"20":205,"21":205,"22":11,"23":194},"f":{"0":10,"1":10,"2":132,"3":205},"b":{"0":[39,118],"1":[36,121],"2":[3,7],"3":[10,7],"4":[6,126],"5":[132,126],"6":[11,194],"7":[205,202]},"_coverageSchema":"1a1c01bbd47fc00a2c39e90264f33305004495a9","hash":"c132fc3f5f862f281394ff329ba49bb70bee6dad"}
,"B:\\Workspace\\scheduling-algorithm\\src\\json-job-creator.js": {"path":"B:\\Workspace\\scheduling-algorithm\\src\\json-job-creator.js","statementMap":{"0":{"start":{"line":4,"column":21},"end":{"line":4,"column":23}},"1":{"start":{"line":6,"column":0},"end":{"line":61,"column":2}},"2":{"start":{"line":7,"column":19},"end":{"line":7,"column":91}},"3":{"start":{"line":8,"column":17},"end":{"line":8,"column":36}},"4":{"start":{"line":9,"column":1},"end":{"line":9,"column":81}},"5":{"start":{"line":10,"column":1},"end":{"line":10,"column":84}},"6":{"start":{"line":12,"column":22},"end":{"line":18,"column":2}},"7":{"start":{"line":20,"column":22},"end":{"line":20,"column":63}},"8":{"start":{"line":22,"column":1},"end":{"line":45,"column":2}},"9":{"start":{"line":22,"column":18},"end":{"line":22,"column":19}},"10":{"start":{"line":23,"column":24},"end":{"line":23,"column":64}},"11":{"start":{"line":24,"column":25},"end":{"line":24,"column":44}},"12":{"start":{"line":25,"column":2},"end":{"line":25,"column":64}},"13":{"start":{"line":27,"column":26},"end":{"line":27,"column":76}},"14":{"start":{"line":29,"column":2},"end":{"line":31,"column":3}},"15":{"start":{"line":30,"column":3},"end":{"line":30,"column":57}},"16":{"start":{"line":33,"column":2},"end":{"line":35,"column":3}},"17":{"start":{"line":34,"column":3},"end":{"line":34,"column":31}},"18":{"start":{"line":37,"column":12},"end":{"line":42,"column":3}},"19":{"start":{"line":44,"column":2},"end":{"line":44,"column":32}},"20":{"start":{"line":47,"column":19},"end":{"line":47,"column":57}},"21":{"start":{"line":49,"column":1},"end":{"line":53,"column":2}},"22":{"start":{"line":50,"column":2},"end":{"line":52,"column":3}},"23":{"start":{"line":51,"column":3},"end":{"line":51,"column":27}},"24":{"start":{"line":55,"column":18},"end":{"line":55,"column":46}},"25":{"start":{"line":57,"column":1},"end":{"line":60,"column":2}},"26":{"start":{"line":58,"column":15},"end":{"line":58,"column":54}},"27":{"start":{"line":59,"column":2},"end":{"line":59,"column":35}},"28":{"start":{"line":63,"column":0},"end":{"line":71,"column":2}},"29":{"start":{"line":64,"column":12},"end":{"line":64,"column":60}},"30":{"start":{"line":66,"column":1},"end":{"line":66,"column":58}},"31":{"start":{"line":67,"column":1},"end":{"line":67,"column":20}},"32":{"start":{"line":68,"column":1},"end":{"line":68,"column":20}},"33":{"start":{"line":69,"column":1},"end":{"line":69,"column":25}},"34":{"start":{"line":70,"column":1},"end":{"line":70,"column":13}},"35":{"start":{"line":73,"column":0},"end":{"line":75,"column":2}},"36":{"start":{"line":74,"column":1},"end":{"line":74,"column":58}}},"fnMap":{"0":{"name":"(anonymous_0)","decl":{"start":{"line":6,"column":24},"end":{"line":6,"column":25}},"loc":{"start":{"line":6,"column":30},"end":{"line":61,"column":1}},"line":6},"1":{"name":"(anonymous_1)","decl":{"start":{"line":63,"column":28},"end":{"line":63,"column":29}},"loc":{"start":{"line":63,"column":44},"end":{"line":71,"column":1}},"line":63},"2":{"name":"(anonymous_2)","decl":{"start":{"line":73,"column":37},"end":{"line":73,"column":38}},"loc":{"start":{"line":73,"column":51},"end":{"line":75,"column":1}},"line":73}},"branchMap":{"0":{"loc":{"start":{"line":29,"column":2},"end":{"line":31,"column":3}},"type":"if","locations":[{"start":{"line":29,"column":2},"end":{"line":31,"column":3}},{"start":{"line":29,"column":2},"end":{"line":31,"column":3}}],"line":29},"1":{"loc":{"start":{"line":33,"column":2},"end":{"line":35,"column":3}},"type":"if","locations":[{"start":{"line":33,"column":2},"end":{"line":35,"column":3}},{"start":{"line":33,"column":2},"end":{"line":35,"column":3}}],"line":33},"2":{"loc":{"start":{"line":49,"column":1},"end":{"line":53,"column":2}},"type":"if","locations":[{"start":{"line":49,"column":1},"end":{"line":53,"column":2}},{"start":{"line":49,"column":1},"end":{"line":53,"column":2}}],"line":49},"3":{"loc":{"start":{"line":57,"column":1},"end":{"line":60,"column":2}},"type":"if","locations":[{"start":{"line":57,"column":1},"end":{"line":60,"column":2}},{"start":{"line":57,"column":1},"end":{"line":60,"column":2}}],"line":57}},"s":{"0":1,"1":1,"2":4,"3":4,"4":4,"5":4,"6":4,"7":4,"8":4,"9":4,"10":146,"11":146,"12":146,"13":146,"14":146,"15":7,"16":146,"17":40,"18":146,"19":146,"20":4,"21":4,"22":1,"23":62,"24":4,"25":4,"26":3,"27":3,"28":1,"29":151,"30":151,"31":151,"32":151,"33":151,"34":151,"35":1,"36":310},"f":{"0":4,"1":151,"2":310},"b":{"0":[7,139],"1":[40,106],"2":[1,3],"3":[3,1]},"_coverageSchema":"1a1c01bbd47fc00a2c39e90264f33305004495a9","hash":"3ca35df4cc6ffe91c6c5180696f27021d3c214fe"}
}
