TN:
SF:src\core.js
FN:6,(anonymous_0)
FN:13,(anonymous_1)
FN:18,(anonymous_2)
FN:41,(anonymous_3)
FN:42,(anonymous_4)
FN:52,(anonymous_5)
FNF:6
FNH:6
FNDA:2,(anonymous_0)
FNDA:2,(anonymous_1)
FNDA:12,(anonymous_2)
FNDA:6,(anonymous_3)
FNDA:6,(anonymous_4)
FNDA:6,(anonymous_5)
DA:4,1
DA:6,1
DA:7,2
DA:8,1
DA:9,1
DA:13,1
DA:14,2
DA:15,2
DA:16,2
DA:17,2
DA:18,12
DA:20,2
DA:21,8
DA:22,2
DA:23,2
DA:26,6
DA:27,2
DA:28,2
DA:31,4
DA:34,2
DA:35,4
DA:38,2
DA:41,1
DA:42,6
DA:44,6
DA:45,3
DA:46,3
DA:48,3
DA:52,1
DA:53,6
DA:54,6
DA:56,6
DA:57,3
DA:60,3
LF:34
LH:34
BRDA:7,0,0,1
BRDA:7,0,1,1
BRDA:21,1,0,2
BRDA:21,1,1,6
BRDA:26,2,0,2
BRDA:26,2,1,4
BRDA:44,3,0,3
BRDA:44,3,1,3
BRDA:56,4,0,3
BRDA:56,4,1,3
BRDA:56,5,0,6
BRDA:56,5,1,4
BRF:12
BRH:12
end_of_record
TN:
SF:src\job-validator.js
FN:3,(anonymous_0)
FN:18,(anonymous_1)
FN:26,(anonymous_2)
FN:35,(anonymous_3)
FNF:4
FNH:4
FNDA:10,(anonymous_0)
FNDA:10,(anonymous_1)
FNDA:132,(anonymous_2)
FNDA:205,(anonymous_3)
DA:1,3
DA:3,3
DA:4,10
DA:6,10
DA:7,157
DA:8,39
DA:10,157
DA:11,36
DA:15,8
DA:18,3
DA:19,10
DA:20,3
DA:23,7
DA:26,3
DA:27,132
DA:28,132
DA:30,132
DA:32,126
DA:35,3
DA:36,205
DA:38,205
DA:40,194
LF:22
LH:22
BRDA:7,0,0,39
BRDA:7,0,1,118
BRDA:10,1,0,36
BRDA:10,1,1,121
BRDA:19,2,0,3
BRDA:19,2,1,7
BRDA:19,3,0,10
BRDA:19,3,1,7
BRDA:30,4,0,6
BRDA:30,4,1,126
BRDA:30,5,0,132
BRDA:30,5,1,126
BRDA:38,6,0,11
BRDA:38,6,1,194
BRDA:38,7,0,205
BRDA:38,7,1,202
BRF:16
BRH:16
end_of_record
TN:
SF:src\json-job-creator.js
FN:6,(anonymous_0)
FN:63,(anonymous_1)
FN:73,(anonymous_2)
FNF:3
FNH:3
FNDA:4,(anonymous_0)
FNDA:151,(anonymous_1)
FNDA:310,(anonymous_2)
DA:4,1
DA:6,1
DA:7,4
DA:8,4
DA:9,4
DA:10,4
DA:12,4
DA:20,4
DA:22,4
DA:23,146
DA:24,146
DA:25,146
DA:27,146
DA:29,146
DA:30,7
DA:33,146
DA:34,40
DA:37,146
DA:44,146
DA:47,4
DA:49,4
DA:50,1
DA:51,62
DA:55,4
DA:57,4
DA:58,3
DA:59,3
DA:63,1
DA:64,151
DA:66,151
DA:67,151
DA:68,151
DA:69,151
DA:70,151
DA:73,1
DA:74,310
LF:36
LH:36
BRDA:29,0,0,7
BRDA:29,0,1,139
BRDA:33,1,0,40
BRDA:33,1,1,106
BRDA:49,2,0,1
BRDA:49,2,1,3
BRDA:57,3,0,3
BRDA:57,3,1,1
BRF:8
BRH:8
end_of_record
