TN:
SF:src\json-job-creator.js
FN:6,(anonymous_0)
FN:63,(anonymous_1)
FN:73,(anonymous_2)
FNF:3
FNH:3
FNDA:4,(anonymous_0)
FNDA:121,(anonymous_1)
FNDA:250,(anonymous_2)
DA:4,1
DA:6,1
DA:7,4
DA:8,4
DA:9,4
DA:10,4
DA:12,4
DA:20,4
DA:22,4
DA:23,116
DA:24,116
DA:25,116
DA:27,116
DA:29,116
DA:30,3
DA:33,116
DA:34,29
DA:37,116
DA:44,116
DA:47,4
DA:49,4
DA:50,1
DA:51,52
DA:55,4
DA:57,4
DA:58,3
DA:59,3
DA:63,1
DA:64,121
DA:66,121
DA:67,121
DA:68,121
DA:69,121
DA:70,121
DA:73,1
DA:74,250
LF:36
LH:36
BRDA:29,0,0,3
BRDA:29,0,1,113
BRDA:33,1,0,29
BRDA:33,1,1,87
BRDA:49,2,0,1
BRDA:49,2,1,3
BRDA:57,3,0,3
BRDA:57,3,1,1
BRF:8
BRH:8
end_of_record
TN:
SF:src\json-validator.js
FN:3,(anonymous_0)
FN:18,(anonymous_1)
FN:27,(anonymous_2)
FNF:3
FNH:3
FNDA:10,(anonymous_0)
FNDA:97,(anonymous_1)
FNDA:164,(anonymous_2)
DA:1,2
DA:3,2
DA:4,10
DA:6,10
DA:7,127
DA:8,34
DA:10,127
DA:11,31
DA:15,8
DA:18,2
DA:19,97
DA:20,97
DA:22,97
DA:24,94
DA:27,2
DA:28,164
DA:30,164
DA:32,159
LF:18
LH:18
BRDA:7,0,0,34
BRDA:7,0,1,93
BRDA:10,1,0,31
BRDA:10,1,1,96
BRDA:22,2,0,3
BRDA:22,2,1,94
BRDA:30,3,0,5
BRDA:30,3,1,159
BRDA:30,4,0,164
BRDA:30,4,1,161
BRF:10
BRH:10
end_of_record
